/*C16*/SET SCHEMA PUBLIC
CONNECT USER SA
DISCONNECT
/*C17*/SET SCHEMA PUBLIC
CONNECT USER SA
DISCONNECT
/*C18*/SET SCHEMA PUBLIC
CONNECT USER SA
SET AUTOCOMMIT FALSE
SET AUTOCOMMIT TRUE
SET AUTOCOMMIT FALSE
SET AUTOCOMMIT TRUE
DISCONNECT
/*C19*/SET SCHEMA PUBLIC
CONNECT USER SA
DISCONNECT
/*C20*/SET SCHEMA PUBLIC
CONNECT USER SA
SET AUTOCOMMIT FALSE
SET AUTOCOMMIT TRUE
SET AUTOCOMMIT FALSE
INSERT INTO BATCH_JOB_SEQ VALUES(2005)
DELETE FROM BATCH_JOB_SEQ WHERE ID=2004
INSERT INTO BATCH_JOB_INSTANCE VALUES(2005,0,'job1','89eadd078e08acf09f8704b8bd8699bf')
INSERT INTO BATCH_JOB_PARAMS VALUES(2005,'DATE','RunDate','','2013-01-24 09:36:31.719000000',0,0.0E0)
INSERT INTO BATCH_JOB_EXECUTION_SEQ VALUES(1)
DELETE FROM BATCH_JOB_EXECUTION_SEQ WHERE ID=0
INSERT INTO BATCH_JOB_EXECUTION VALUES(1,0,2005,'2013-01-24 09:36:31.876000000',NULL,NULL,'STARTING','UNKNOWN','','2013-01-24 09:36:31.877000000')
INSERT INTO BATCH_JOB_EXECUTION_CONTEXT VALUES(1,'{"map":""}',NULL)
COMMIT
SET AUTOCOMMIT TRUE
SET AUTOCOMMIT FALSE
DELETE FROM BATCH_JOB_EXECUTION WHERE JOB_EXECUTION_ID=1
INSERT INTO BATCH_JOB_EXECUTION VALUES(1,1,2005,'2013-01-24 09:36:31.876000000','2013-01-24 09:36:31.920000000',NULL,'STARTED','UNKNOWN','','2013-01-24 09:36:31.923000000')
COMMIT
SET AUTOCOMMIT TRUE
SET AUTOCOMMIT FALSE
SET AUTOCOMMIT TRUE
SET AUTOCOMMIT FALSE
SET AUTOCOMMIT TRUE
SET AUTOCOMMIT FALSE
INSERT INTO BATCH_STEP_EXECUTION_SEQ VALUES(1)
DELETE FROM BATCH_STEP_EXECUTION_SEQ WHERE ID=0
INSERT INTO BATCH_STEP_EXECUTION VALUES(1,0,'step1',1,'2013-01-24 09:36:31.982000000',NULL,'STARTING',0,0,0,0,0,0,0,0,'EXECUTING','','2013-01-24 09:36:31.992000000')
INSERT INTO BATCH_STEP_EXECUTION_CONTEXT VALUES(1,'{"map":""}',NULL)
COMMIT
SET AUTOCOMMIT TRUE
SET AUTOCOMMIT FALSE
DELETE FROM BATCH_STEP_EXECUTION WHERE STEP_EXECUTION_ID=1
INSERT INTO BATCH_STEP_EXECUTION VALUES(1,1,'step1',1,'2013-01-24 09:36:32.006000000',NULL,'STARTED',0,0,0,0,0,0,0,0,'EXECUTING','','2013-01-24 09:36:32.007000000')
COMMIT
SET AUTOCOMMIT TRUE
SET AUTOCOMMIT FALSE
DELETE FROM BATCH_STEP_EXECUTION_CONTEXT WHERE STEP_EXECUTION_ID=1
INSERT INTO BATCH_STEP_EXECUTION_CONTEXT VALUES(1,'{"map":""}',NULL)
COMMIT
SET AUTOCOMMIT TRUE
SET AUTOCOMMIT FALSE
DELETE FROM BATCH_STEP_EXECUTION_CONTEXT WHERE STEP_EXECUTION_ID=1
INSERT INTO BATCH_STEP_EXECUTION_CONTEXT VALUES(1,'{"map":""}',NULL)
DELETE FROM BATCH_STEP_EXECUTION WHERE STEP_EXECUTION_ID=1
INSERT INTO BATCH_STEP_EXECUTION VALUES(1,2,'step1',1,'2013-01-24 09:36:32.006000000',NULL,'STARTED',1,1,0,1,0,0,0,0,'EXECUTING','','2013-01-24 09:36:32.165000000')
COMMIT
SET AUTOCOMMIT TRUE
SET AUTOCOMMIT FALSE
DELETE FROM BATCH_STEP_EXECUTION_CONTEXT WHERE STEP_EXECUTION_ID=1
INSERT INTO BATCH_STEP_EXECUTION_CONTEXT VALUES(1,'{"map":""}',NULL)
DELETE FROM BATCH_STEP_EXECUTION WHERE STEP_EXECUTION_ID=1
INSERT INTO BATCH_STEP_EXECUTION VALUES(1,3,'step1',1,'2013-01-24 09:36:32.006000000',NULL,'STARTED',2,1,0,1,0,0,0,0,'EXECUTING','','2013-01-24 09:36:32.181000000')
COMMIT
SET AUTOCOMMIT TRUE
SET AUTOCOMMIT FALSE
DELETE FROM BATCH_STEP_EXECUTION_CONTEXT WHERE STEP_EXECUTION_ID=1
INSERT INTO BATCH_STEP_EXECUTION_CONTEXT VALUES(1,'{"map":""}',NULL)
COMMIT
SET AUTOCOMMIT TRUE
SET AUTOCOMMIT FALSE
DELETE FROM BATCH_STEP_EXECUTION WHERE STEP_EXECUTION_ID=1
INSERT INTO BATCH_STEP_EXECUTION VALUES(1,4,'step1',1,'2013-01-24 09:36:32.006000000','2013-01-24 09:36:32.202000000','COMPLETED',2,1,0,1,0,0,0,0,'COMPLETED','','2013-01-24 09:36:32.212000000')
COMMIT
SET AUTOCOMMIT TRUE
SET AUTOCOMMIT FALSE
DELETE FROM BATCH_JOB_EXECUTION_CONTEXT WHERE JOB_EXECUTION_ID=1
INSERT INTO BATCH_JOB_EXECUTION_CONTEXT VALUES(1,'{"map":""}',NULL)
COMMIT
SET AUTOCOMMIT TRUE
SET AUTOCOMMIT FALSE
DELETE FROM BATCH_JOB_EXECUTION WHERE JOB_EXECUTION_ID=1
INSERT INTO BATCH_JOB_EXECUTION VALUES(1,2,2005,'2013-01-24 09:36:31.876000000','2013-01-24 09:36:31.920000000','2013-01-24 09:36:32.238000000','COMPLETED','COMPLETED','','2013-01-24 09:36:32.241000000')
COMMIT
SET AUTOCOMMIT TRUE
DISCONNECT
/*C21*/SET SCHEMA PUBLIC
CONNECT USER SA
/*C22*/SET SCHEMA PUBLIC
CONNECT USER SA
DISCONNECT
/*C23*/SET SCHEMA PUBLIC
CONNECT USER SA
DISCONNECT
/*C24*/SET SCHEMA PUBLIC
CONNECT USER SA
DISCONNECT
/*C25*/SET SCHEMA PUBLIC
CONNECT USER SA
SET AUTOCOMMIT FALSE
SET AUTOCOMMIT TRUE
SET AUTOCOMMIT FALSE
INSERT INTO BATCH_JOB_SEQ VALUES(2006)
DELETE FROM BATCH_JOB_SEQ WHERE ID=2005
INSERT INTO BATCH_JOB_INSTANCE VALUES(2006,0,'job1','327420afc6b76b69f3ae5280ebac3c18')
INSERT INTO BATCH_JOB_PARAMS VALUES(2006,'DATE','RunDate','','2013-01-24 09:45:32.783000000',0,0.0E0)
INSERT INTO BATCH_JOB_EXECUTION_SEQ VALUES(2)
DELETE FROM BATCH_JOB_EXECUTION_SEQ WHERE ID=1
INSERT INTO BATCH_JOB_EXECUTION VALUES(2,0,2006,'2013-01-24 09:45:32.886000000',NULL,NULL,'STARTING','UNKNOWN','','2013-01-24 09:45:32.886000000')
INSERT INTO BATCH_JOB_EXECUTION_CONTEXT VALUES(2,'{"map":""}',NULL)
COMMIT
SET AUTOCOMMIT TRUE
SET AUTOCOMMIT FALSE
DELETE FROM BATCH_JOB_EXECUTION WHERE JOB_EXECUTION_ID=2
INSERT INTO BATCH_JOB_EXECUTION VALUES(2,1,2006,'2013-01-24 09:45:32.886000000','2013-01-24 09:45:32.925000000',NULL,'STARTED','UNKNOWN','','2013-01-24 09:45:32.927000000')
COMMIT
SET AUTOCOMMIT TRUE
SET AUTOCOMMIT FALSE
SET AUTOCOMMIT TRUE
SET AUTOCOMMIT FALSE
SET AUTOCOMMIT TRUE
SET AUTOCOMMIT FALSE
INSERT INTO BATCH_STEP_EXECUTION_SEQ VALUES(2)
DELETE FROM BATCH_STEP_EXECUTION_SEQ WHERE ID=1
INSERT INTO BATCH_STEP_EXECUTION VALUES(2,0,'step1',2,'2013-01-24 09:45:32.984000000',NULL,'STARTING',0,0,0,0,0,0,0,0,'EXECUTING','','2013-01-24 09:45:32.992000000')
INSERT INTO BATCH_STEP_EXECUTION_CONTEXT VALUES(2,'{"map":""}',NULL)
COMMIT
SET AUTOCOMMIT TRUE
SET AUTOCOMMIT FALSE
DELETE FROM BATCH_STEP_EXECUTION WHERE STEP_EXECUTION_ID=2
INSERT INTO BATCH_STEP_EXECUTION VALUES(2,1,'step1',2,'2013-01-24 09:45:33.007000000',NULL,'STARTED',0,0,0,0,0,0,0,0,'EXECUTING','','2013-01-24 09:45:33.010000000')
COMMIT
SET AUTOCOMMIT TRUE
SET AUTOCOMMIT FALSE
DELETE FROM BATCH_STEP_EXECUTION_CONTEXT WHERE STEP_EXECUTION_ID=2
INSERT INTO BATCH_STEP_EXECUTION_CONTEXT VALUES(2,'{"map":""}',NULL)
COMMIT
SET AUTOCOMMIT TRUE
SET AUTOCOMMIT FALSE
DELETE FROM BATCH_STEP_EXECUTION_CONTEXT WHERE STEP_EXECUTION_ID=2
INSERT INTO BATCH_STEP_EXECUTION_CONTEXT VALUES(2,'{"map":""}',NULL)
DELETE FROM BATCH_STEP_EXECUTION WHERE STEP_EXECUTION_ID=2
INSERT INTO BATCH_STEP_EXECUTION VALUES(2,2,'step1',2,'2013-01-24 09:45:33.007000000',NULL,'STARTED',1,1,0,1,0,0,0,0,'EXECUTING','','2013-01-24 09:45:33.056000000')
COMMIT
SET AUTOCOMMIT TRUE
SET AUTOCOMMIT FALSE
DELETE FROM BATCH_STEP_EXECUTION_CONTEXT WHERE STEP_EXECUTION_ID=2
INSERT INTO BATCH_STEP_EXECUTION_CONTEXT VALUES(2,'{"map":""}',NULL)
DELETE FROM BATCH_STEP_EXECUTION WHERE STEP_EXECUTION_ID=2
INSERT INTO BATCH_STEP_EXECUTION VALUES(2,3,'step1',2,'2013-01-24 09:45:33.007000000',NULL,'STARTED',2,1,0,1,0,0,0,0,'EXECUTING','','2013-01-24 09:45:33.068000000')
COMMIT
SET AUTOCOMMIT TRUE
SET AUTOCOMMIT FALSE
DELETE FROM BATCH_STEP_EXECUTION_CONTEXT WHERE STEP_EXECUTION_ID=2
INSERT INTO BATCH_STEP_EXECUTION_CONTEXT VALUES(2,'{"map":""}',NULL)
COMMIT
SET AUTOCOMMIT TRUE
SET AUTOCOMMIT FALSE
DELETE FROM BATCH_STEP_EXECUTION WHERE STEP_EXECUTION_ID=2
INSERT INTO BATCH_STEP_EXECUTION VALUES(2,4,'step1',2,'2013-01-24 09:45:33.007000000','2013-01-24 09:45:33.082000000','COMPLETED',2,1,0,1,0,0,0,0,'COMPLETED','','2013-01-24 09:45:33.084000000')
COMMIT
SET AUTOCOMMIT TRUE
SET AUTOCOMMIT FALSE
DELETE FROM BATCH_JOB_EXECUTION_CONTEXT WHERE JOB_EXECUTION_ID=2
INSERT INTO BATCH_JOB_EXECUTION_CONTEXT VALUES(2,'{"map":""}',NULL)
COMMIT
SET AUTOCOMMIT TRUE
SET AUTOCOMMIT FALSE
DELETE FROM BATCH_JOB_EXECUTION WHERE JOB_EXECUTION_ID=2
INSERT INTO BATCH_JOB_EXECUTION VALUES(2,2,2006,'2013-01-24 09:45:32.886000000','2013-01-24 09:45:32.925000000','2013-01-24 09:45:33.108000000','COMPLETED','COMPLETED','','2013-01-24 09:45:33.109000000')
COMMIT
SET AUTOCOMMIT TRUE
DISCONNECT
/*C26*/SET SCHEMA PUBLIC
CONNECT USER SA
DISCONNECT
/*C27*/SET SCHEMA PUBLIC
CONNECT USER SA
SET AUTOCOMMIT FALSE
SET AUTOCOMMIT TRUE
SET AUTOCOMMIT FALSE
INSERT INTO BATCH_JOB_SEQ VALUES(2007)
DELETE FROM BATCH_JOB_SEQ WHERE ID=2006
INSERT INTO BATCH_JOB_INSTANCE VALUES(2007,0,'job1','74d7d5bca72a56c143bf0ed7ac0dd9ad')
INSERT INTO BATCH_JOB_PARAMS VALUES(2007,'DATE','RunDate','','2013-01-24 10:18:21.897000000',0,0.0E0)
INSERT INTO BATCH_JOB_EXECUTION_SEQ VALUES(3)
DELETE FROM BATCH_JOB_EXECUTION_SEQ WHERE ID=2
INSERT INTO BATCH_JOB_EXECUTION VALUES(3,0,2007,'2013-01-24 10:18:22.050000000',NULL,NULL,'STARTING','UNKNOWN','','2013-01-24 10:18:22.050000000')
INSERT INTO BATCH_JOB_EXECUTION_CONTEXT VALUES(3,'{"map":""}',NULL)
COMMIT
SET AUTOCOMMIT TRUE
SET AUTOCOMMIT FALSE
DELETE FROM BATCH_JOB_EXECUTION WHERE JOB_EXECUTION_ID=3
INSERT INTO BATCH_JOB_EXECUTION VALUES(3,1,2007,'2013-01-24 10:18:22.050000000','2013-01-24 10:18:22.101000000',NULL,'STARTED','UNKNOWN','','2013-01-24 10:18:22.105000000')
COMMIT
SET AUTOCOMMIT TRUE
SET AUTOCOMMIT FALSE
SET AUTOCOMMIT TRUE
SET AUTOCOMMIT FALSE
SET AUTOCOMMIT TRUE
SET AUTOCOMMIT FALSE
INSERT INTO BATCH_STEP_EXECUTION_SEQ VALUES(3)
DELETE FROM BATCH_STEP_EXECUTION_SEQ WHERE ID=2
INSERT INTO BATCH_STEP_EXECUTION VALUES(3,0,'step1',3,'2013-01-24 10:18:22.209000000',NULL,'STARTING',0,0,0,0,0,0,0,0,'EXECUTING','','2013-01-24 10:18:22.213000000')
INSERT INTO BATCH_STEP_EXECUTION_CONTEXT VALUES(3,'{"map":""}',NULL)
COMMIT
SET AUTOCOMMIT TRUE
SET AUTOCOMMIT FALSE
DELETE FROM BATCH_STEP_EXECUTION WHERE STEP_EXECUTION_ID=3
INSERT INTO BATCH_STEP_EXECUTION VALUES(3,1,'step1',3,'2013-01-24 10:18:22.235000000',NULL,'STARTED',0,0,0,0,0,0,0,0,'EXECUTING','','2013-01-24 10:18:22.237000000')
COMMIT
SET AUTOCOMMIT TRUE
SET AUTOCOMMIT FALSE
DELETE FROM BATCH_STEP_EXECUTION_CONTEXT WHERE STEP_EXECUTION_ID=3
INSERT INTO BATCH_STEP_EXECUTION_CONTEXT VALUES(3,'{"map":""}',NULL)
COMMIT
SET AUTOCOMMIT TRUE
SET AUTOCOMMIT FALSE
DELETE FROM BATCH_STEP_EXECUTION_CONTEXT WHERE STEP_EXECUTION_ID=3
INSERT INTO BATCH_STEP_EXECUTION_CONTEXT VALUES(3,'{"map":""}',NULL)
DELETE FROM BATCH_STEP_EXECUTION WHERE STEP_EXECUTION_ID=3
INSERT INTO BATCH_STEP_EXECUTION VALUES(3,2,'step1',3,'2013-01-24 10:18:22.235000000',NULL,'STARTED',1,1,0,1,0,0,0,0,'EXECUTING','','2013-01-24 10:18:22.301000000')
COMMIT
SET AUTOCOMMIT TRUE
SET AUTOCOMMIT FALSE
DELETE FROM BATCH_STEP_EXECUTION_CONTEXT WHERE STEP_EXECUTION_ID=3
INSERT INTO BATCH_STEP_EXECUTION_CONTEXT VALUES(3,'{"map":""}',NULL)
DELETE FROM BATCH_STEP_EXECUTION WHERE STEP_EXECUTION_ID=3
INSERT INTO BATCH_STEP_EXECUTION VALUES(3,3,'step1',3,'2013-01-24 10:18:22.235000000',NULL,'STARTED',2,1,0,1,0,0,0,0,'EXECUTING','','2013-01-24 10:18:22.337000000')
COMMIT
SET AUTOCOMMIT TRUE
SET AUTOCOMMIT FALSE
DELETE FROM BATCH_STEP_EXECUTION_CONTEXT WHERE STEP_EXECUTION_ID=3
INSERT INTO BATCH_STEP_EXECUTION_CONTEXT VALUES(3,'{"map":""}',NULL)
COMMIT
SET AUTOCOMMIT TRUE
SET AUTOCOMMIT FALSE
DELETE FROM BATCH_STEP_EXECUTION WHERE STEP_EXECUTION_ID=3
INSERT INTO BATCH_STEP_EXECUTION VALUES(3,4,'step1',3,'2013-01-24 10:18:22.235000000','2013-01-24 10:18:22.369000000','COMPLETED',2,1,0,1,0,0,0,0,'COMPLETED','','2013-01-24 10:18:22.372000000')
COMMIT
SET AUTOCOMMIT TRUE
SET AUTOCOMMIT FALSE
DELETE FROM BATCH_JOB_EXECUTION_CONTEXT WHERE JOB_EXECUTION_ID=3
INSERT INTO BATCH_JOB_EXECUTION_CONTEXT VALUES(3,'{"map":""}',NULL)
COMMIT
SET AUTOCOMMIT TRUE
SET AUTOCOMMIT FALSE
DELETE FROM BATCH_JOB_EXECUTION WHERE JOB_EXECUTION_ID=3
INSERT INTO BATCH_JOB_EXECUTION VALUES(3,2,2007,'2013-01-24 10:18:22.050000000','2013-01-24 10:18:22.101000000','2013-01-24 10:18:22.396000000','COMPLETED','COMPLETED','','2013-01-24 10:18:22.398000000')
COMMIT
SET AUTOCOMMIT TRUE
DISCONNECT
/*C21*/DISCONNECT
